info it worked if it ends with ok
verbose cli [ 'node',
verbose cli   '/usr/local/Cellar/node/0.6.17/bin/npm',
verbose cli   'install',
verbose cli   'grunt-contrib' ]
info using npm@1.1.21
info using node@v0.6.17
verbose config file /Users/steve/.npmrc
verbose config file /usr/local/Cellar/node/0.6.17/etc/npmrc
verbose config file /usr/local/Cellar/node/0.6.17/lib/node_modules/npm/npmrc
verbose caching /Users/steve/Dropbox/github/RandD/backbone.geocoder.plugin.js/package.json
verbose loadDefaults formagg.io@0.6.17
verbose caching /Users/steve/Dropbox/github/RandD/backbone.geocoder.plugin.js/node_modules/express/package.json
verbose caching /Users/steve/Dropbox/github/RandD/backbone.geocoder.plugin.js/node_modules/grunt-contrib/package.json
verbose caching /Users/steve/Dropbox/github/RandD/backbone.geocoder.plugin.js/node_modules/grunt-requirejs/package.json
verbose caching /Users/steve/Dropbox/github/RandD/backbone.geocoder.plugin.js/node_modules/request/package.json
verbose from cache /Users/steve/Dropbox/github/RandD/backbone.geocoder.plugin.js/package.json
verbose readDependencies: using package.json deps
verbose cache add [ 'grunt-contrib', null ]
silly cache add: name, spec, args [ undefined, 'grunt-contrib', [ 'grunt-contrib', null ] ]
verbose parsed url { pathname: 'grunt-contrib',
verbose parsed url   path: 'grunt-contrib',
verbose parsed url   href: 'grunt-contrib' }
verbose addNamed [ 'grunt-contrib', '' ]
verbose addNamed [ null, '' ]
silly name, range, hasData [ 'grunt-contrib', '', false ]
verbose raw, before any munging grunt-contrib
verbose url resolving [ 'https://registry.npmjs.org/', './grunt-contrib' ]
verbose url resolved https://registry.npmjs.org/grunt-contrib
verbose etag "57X95F6XQYYV8XPXCZIQVAYL5"
http GET https://registry.npmjs.org/grunt-contrib
http 200 https://registry.npmjs.org/grunt-contrib
silly get cb [ 200,
silly get cb   { vary: 'Accept',
silly get cb     server: 'CouchDB/1.2.0 (Erlang OTP/R15B)',
silly get cb     etag: '"ECBE1QE3D0QUBMGOOZ7X8AR7U"',
silly get cb     date: 'Mon, 13 Aug 2012 13:05:02 GMT',
silly get cb     'content-type': 'application/json',
silly get cb     'content-length': '41085' } ]
silly name, range, hasData 2 [ 'grunt-contrib', '', true ]
silly versions [ 'grunt-contrib',
silly versions   [ '0.0.1',
silly versions     '0.0.2',
silly versions     '0.0.3',
silly versions     '0.0.4',
silly versions     '0.0.5',
silly versions     '0.0.6',
silly versions     '0.0.7',
silly versions     '0.0.8',
silly versions     '0.0.9',
silly versions     '0.1.0',
silly versions     '0.1.1',
silly versions     '0.1.3',
silly versions     '0.1.4pre',
silly versions     '0.1.4',
silly versions     '0.1.5' ] ]
verbose bin dist [ '0.6-ares1.7.5-DEV-evundefined-openssl0.9.8r-v83.6.6.25-darwin-x64-11.4.0',
verbose bin dist   { shasum: '1a017df887f3a34f6c0cbe9f09b74e90485841bf',
verbose bin dist     tarball: 'http://registry.npmjs.org/grunt-contrib/-/grunt-contrib-0.1.5.tgz' } ]
verbose caching /Users/steve/.npm/grunt-contrib/0.1.5/package/package.json
verbose loadDefaults grunt-contrib@0.1.5
silly resolved [ { name: 'grunt-contrib',
silly resolved     description: 'A collection of common grunt tasks.',
silly resolved     version: '0.1.5',
silly resolved     homepage: 'https://github.com/gruntjs/grunt-contrib',
silly resolved     author: 
silly resolved      { name: '"Cowboy" Ben Alman and contributors',
silly resolved        url: 'http://gruntjs.com/' },
silly resolved     repository: 
silly resolved      { type: 'git',
silly resolved        url: 'git://github.com/gruntjs/grunt-contrib.git' },
silly resolved     bugs: { url: 'https://github.com/gruntjs/grunt-contrib/issues' },
silly resolved     licenses: 
silly resolved      [ { type: 'MIT',
silly resolved          url: 'https://github.com/gruntjs/grunt-contrib/blob/master/LICENSE-MIT' } ],
silly resolved     main: 'grunt.js',
silly resolved     bin: { 'grunt-contrib': 'bin/grunt-contrib' },
silly resolved     engines: { node: '*' },
silly resolved     scripts: { test: 'grunt --base ./test/ --config ./test/grunt.js' },
silly resolved     dependencies: 
silly resolved      { grunt: '~0.3.10',
silly resolved        rimraf: '~2.0.2',
silly resolved        'clean-css': '~0.4.1',
silly resolved        less: '~1.3.0',
silly resolved        stylus: '~0.27.1',
silly resolved        nib: '~0.7.0',
silly resolved        'coffee-script': '~1.3.1',
silly resolved        jade: '~0.26.1',
silly resolved        zipstream: '~0.2.1',
silly resolved        tar: '~0.1.13',
silly resolved        fstream: '~0.1.18',
silly resolved        requirejs: '*',
silly resolved        handlebars: '~1.0.4',
silly resolved        yuidocjs: '~0.3.14',
silly resolved        underscore: '~1.3.3' },
silly resolved     devDependencies: { grunt: '~0.3.10' },
silly resolved     keywords: [ 'gruntplugin' ],
silly resolved     _id: 'grunt-contrib@0.1.5',
silly resolved     optionalDependencies: {},
silly resolved     _engineSupported: true,
silly resolved     _npmVersion: '1.1.21',
silly resolved     _nodeVersion: 'v0.6.17',
silly resolved     _defaultsLoaded: true,
silly resolved     _from: 'grunt-contrib' } ]
info into /Users/steve/Dropbox/github/RandD/backbone.geocoder.plugin.js grunt-contrib@0.1.5
info installOne grunt-contrib@0.1.5
verbose from cache /Users/steve/.npm/grunt-contrib/0.1.5/package/package.json
info unbuild /Users/steve/Dropbox/github/RandD/backbone.geocoder.plugin.js/node_modules/grunt-contrib
verbose from cache /Users/steve/Dropbox/github/RandD/backbone.geocoder.plugin.js/node_modules/grunt-contrib/package.json
info preuninstall grunt-contrib@0.1.5
info uninstall grunt-contrib@0.1.5
verbose unbuild grunt-contrib@0.1.5 [ true,
verbose unbuild grunt-contrib@0.1.5   '/Users/steve/Dropbox/github/RandD/backbone.geocoder.plugin.js/node_modules',
verbose unbuild grunt-contrib@0.1.5   '/Users/steve/Dropbox/github/RandD/backbone.geocoder.plugin.js/node_modules' ]
verbose binRoot [ '/Users/steve/Dropbox/github/RandD/backbone.geocoder.plugin.js/node_modules/.bin',
verbose binRoot   { 'grunt-contrib': 'bin/grunt-contrib' } ]
info unbuild /Users/steve/Dropbox/github/RandD/backbone.geocoder.plugin.js/node_modules/grunt-contrib
verbose caching /Users/steve/Dropbox/github/RandD/backbone.geocoder.plugin.js/node_modules/grunt-contrib/package.json
info preuninstall grunt-contrib@0.1.5
info uninstall grunt-contrib@0.1.5
verbose unbuild grunt-contrib@0.1.5 [ true,
verbose unbuild grunt-contrib@0.1.5   '/Users/steve/Dropbox/github/RandD/backbone.geocoder.plugin.js/node_modules',
verbose unbuild grunt-contrib@0.1.5   '/Users/steve/Dropbox/github/RandD/backbone.geocoder.plugin.js/node_modules' ]
verbose binRoot [ '/Users/steve/Dropbox/github/RandD/backbone.geocoder.plugin.js/node_modules/.bin',
verbose binRoot   { 'grunt-contrib': 'bin/grunt-contrib' } ]
ERR! error rolling back grunt-contrib@0.1.5 Error: EACCES, unlink '/Users/steve/Dropbox/github/RandD/backbone.geocoder.plugin.js/node_modules/.bin/grunt-contrib'
ERR! Error: EACCES, unlink '/Users/steve/Dropbox/github/RandD/backbone.geocoder.plugin.js/node_modules/.bin/grunt-contrib'
ERR! 
ERR! Please try running this command again as root/Administrator.
ERR! 
ERR! System Darwin 11.4.0
ERR! command "node" "/usr/local/Cellar/node/0.6.17/bin/npm" "install" "grunt-contrib"
ERR! cwd /Users/steve/Dropbox/github/RandD/backbone.geocoder.plugin.js
ERR! node -v v0.6.17
ERR! npm -v 1.1.21
ERR! path /Users/steve/Dropbox/github/RandD/backbone.geocoder.plugin.js/node_modules/.bin/grunt-contrib
ERR! code EACCES
ERR! message EACCES, unlink '/Users/steve/Dropbox/github/RandD/backbone.geocoder.plugin.js/node_modules/.bin/grunt-contrib'
ERR! errno {}
verbose exit [ 1, true ]
